Determining if the pthread_create exist failed with the following output:
Change Dir: /home/jad/Documents/DigitalGeralt-/build-dgp2016-exercise3-Desktop-Default/CMakeFiles/CMakeTmp

Run Build Command:"/usr/bin/make" "cmTC_0634d/fast"
/usr/bin/make -f CMakeFiles/cmTC_0634d.dir/build.make CMakeFiles/cmTC_0634d.dir/build
make[1]: Entering directory '/home/jad/Documents/DigitalGeralt-/build-dgp2016-exercise3-Desktop-Default/CMakeFiles/CMakeTmp'
Building C object CMakeFiles/cmTC_0634d.dir/CheckSymbolExists.c.o
/usr/bin/cc     -o CMakeFiles/cmTC_0634d.dir/CheckSymbolExists.c.o   -c /home/jad/Documents/DigitalGeralt-/build-dgp2016-exercise3-Desktop-Default/CMakeFiles/CMakeTmp/CheckSymbolExists.c
Linking C executable cmTC_0634d
/usr/bin/cmake -E cmake_link_script CMakeFiles/cmTC_0634d.dir/link.txt --verbose=1
/usr/bin/cc       CMakeFiles/cmTC_0634d.dir/CheckSymbolExists.c.o  -o cmTC_0634d -rdynamic 
CMakeFiles/cmTC_0634d.dir/CheckSymbolExists.c.o: In function `main':
CheckSymbolExists.c:(.text+0x16): undefined reference to `pthread_create'
collect2: error: ld returned 1 exit status
CMakeFiles/cmTC_0634d.dir/build.make:97: recipe for target 'cmTC_0634d' failed
make[1]: *** [cmTC_0634d] Error 1
make[1]: Leaving directory '/home/jad/Documents/DigitalGeralt-/build-dgp2016-exercise3-Desktop-Default/CMakeFiles/CMakeTmp'
Makefile:126: recipe for target 'cmTC_0634d/fast' failed
make: *** [cmTC_0634d/fast] Error 2

File /home/jad/Documents/DigitalGeralt-/build-dgp2016-exercise3-Desktop-Default/CMakeFiles/CMakeTmp/CheckSymbolExists.c:
/* */
#include <pthread.h>

int main(int argc, char** argv)
{
  (void)argv;
#ifndef pthread_create
  return ((int*)(&pthread_create))[argc];
#else
  (void)argc;
  return 0;
#endif
}

Determining if the function pthread_create exists in the pthreads failed with the following output:
Change Dir: /home/jad/Documents/DigitalGeralt-/build-dgp2016-exercise3-Desktop-Default/CMakeFiles/CMakeTmp

Run Build Command:"/usr/bin/make" "cmTC_cb061/fast"
/usr/bin/make -f CMakeFiles/cmTC_cb061.dir/build.make CMakeFiles/cmTC_cb061.dir/build
make[1]: Entering directory '/home/jad/Documents/DigitalGeralt-/build-dgp2016-exercise3-Desktop-Default/CMakeFiles/CMakeTmp'
Building C object CMakeFiles/cmTC_cb061.dir/CheckFunctionExists.c.o
/usr/bin/cc    -DCHECK_FUNCTION_EXISTS=pthread_create   -o CMakeFiles/cmTC_cb061.dir/CheckFunctionExists.c.o   -c /usr/share/cmake-3.5/Modules/CheckFunctionExists.c
Linking C executable cmTC_cb061
/usr/bin/cmake -E cmake_link_script CMakeFiles/cmTC_cb061.dir/link.txt --verbose=1
/usr/bin/cc   -DCHECK_FUNCTION_EXISTS=pthread_create    CMakeFiles/cmTC_cb061.dir/CheckFunctionExists.c.o  -o cmTC_cb061 -rdynamic -lpthreads 
/usr/bin/ld: cannot find -lpthreads
collect2: error: ld returned 1 exit status
CMakeFiles/cmTC_cb061.dir/build.make:97: recipe for target 'cmTC_cb061' failed
make[1]: *** [cmTC_cb061] Error 1
make[1]: Leaving directory '/home/jad/Documents/DigitalGeralt-/build-dgp2016-exercise3-Desktop-Default/CMakeFiles/CMakeTmp'
Makefile:126: recipe for target 'cmTC_cb061/fast' failed
make: *** [cmTC_cb061/fast] Error 2


